<?xml version="1.0" encoding="UTF-8"?>
<testsuite name="com.gap.PalindromeTest" tests="1" skipped="0" failures="0" errors="0" timestamp="2018-05-20T16:38:51" hostname="DESKTOP-MIUK3IT" time="0.111">
  <properties/>
  <testcase name="testIsPalindromeUsingStringBuilder" classname="com.gap.PalindromeTest" time="0.111"/>
  <system-out><![CDATA[]]></system-out>
  <system-err><![CDATA[]]></system-err>
</testsuite>
